Release 14.7 - ngc2edif P.20131013 (lin)
Copyright (c) 1995-2013 Xilinx, Inc.  All rights reserved.
Reading design mb_microblaze_0_wrapper.ngc ...
WARNING:NetListWriters:298 - No output is written to
   mb_microblaze_0_wrapper.xncf, ignored.
Processing design ...
   Preping design's networks ...
   Preping design's macros ...
WARNING:NetListWriters:306 - Signal bus microblaze_0/LOCKSTEP_Out<3818 : 2> on
   block mb_microblaze_0_wrapper is not reconstructed, because there are some
   missing bus signals.
WARNING:NetListWriters:306 - Signal bus
   microblaze_0/MicroBlaze_Core_I/Performance.Data_Flow_I/Barrel_Shifter_I/ex_mu
   x1<31 : 4> on block mb_microblaze_0_wrapper is not reconstructed, because
   there are some missing bus signals.
WARNING:NetListWriters:306 - Signal bus
   microblaze_0/MicroBlaze_Core_I/Performance.Data_Flow_I/PVR_I/WB_PVR_I<31 : 0>
   on block mb_microblaze_0_wrapper is not reconstructed, because there are some
   missing bus signals.
WARNING:NetListWriters:306 - Signal bus
   microblaze_0/MicroBlaze_Core_I/Performance.Data_Flow_I/Using_Div_Unit.Div_uni
   t_I1/cnt_shifts<31 : 0> on block mb_microblaze_0_wrapper is not
   reconstructed, because there are some missing bus signals.
WARNING:NetListWriters:306 - Signal bus
   microblaze_0/MicroBlaze_Core_I/Performance.Data_Flow_I/msr_reg_i/ex_MSR_i<31
   : 21> on block mb_microblaze_0_wrapper is not reconstructed, because there
   are some missing bus signals.
WARNING:NetListWriters:306 - Signal bus
   microblaze_0/MicroBlaze_Core_I/Performance.Data_Flow_I/msr_reg_i/mem_MSR_i<31
   : 21> on block mb_microblaze_0_wrapper is not reconstructed, because there
   are some missing bus signals.
WARNING:NetListWriters:306 - Signal bus
   microblaze_0/MicroBlaze_Core_I/Performance.Data_Flow_I/msr_reg_i/of_MSR_i<31
   : 17> on block mb_microblaze_0_wrapper is not reconstructed, because there
   are some missing bus signals.
WARNING:NetListWriters:306 - Signal bus
   microblaze_0/MicroBlaze_Core_I/Performance.Data_Flow_I/msr_reg_i/wb_MSR_cmb<3
   0 : 17> on block mb_microblaze_0_wrapper is not reconstructed, because there
   are some missing bus signals.
WARNING:NetListWriters:306 - Signal bus
   microblaze_0/MicroBlaze_Core_I/Performance.Data_Flow_I/msr_reg_i/wb_MSR_i<30
   : 17> on block mb_microblaze_0_wrapper is not reconstructed, because there
   are some missing bus signals.
WARNING:NetListWriters:306 - Signal bus
   microblaze_0/MicroBlaze_Core_I/Performance.Decode_I/PreFetch_Buffer_I1/srl16<
   46 : 0> on block mb_microblaze_0_wrapper is not reconstructed, because there
   are some missing bus signals.
WARNING:NetListWriters:306 - Signal bus
   microblaze_0/MicroBlaze_Core_I/Performance.Decode_I/of_PipeRun_carry<9 : 1>
   on block mb_microblaze_0_wrapper is not reconstructed, because there are some
   missing bus signals.
WARNING:NetListWriters:306 - Signal bus
   microblaze_0/MicroBlaze_Core_I/Performance.Decode_I/of_pipe_ctrl<10 : 1> on
   block mb_microblaze_0_wrapper is not reconstructed, because there are some
   missing bus signals.
WARNING:NetListWriters:306 - Signal bus
   microblaze_0/MicroBlaze_Core_I/Performance.MMU_I/DDATALO_OUT<29 : 0> on block
   mb_microblaze_0_wrapper is not reconstructed, because there are some missing
   bus signals.
WARNING:NetListWriters:306 - Signal bus
   microblaze_0/MicroBlaze_Core_I/Performance.MMU_I/DSizeMask_Q<20 : 8> on block
   mb_microblaze_0_wrapper is not reconstructed, because there are some missing
   bus signals.
WARNING:NetListWriters:306 - Signal bus
   microblaze_0/MicroBlaze_Core_I/Performance.MMU_I/DataHigh<35 : 0> on block
   mb_microblaze_0_wrapper is not reconstructed, because there are some missing
   bus signals.
WARNING:NetListWriters:306 - Signal bus
   microblaze_0/MicroBlaze_Core_I/Performance.MMU_I/IDATALO_OUT<27 : 0> on block
   mb_microblaze_0_wrapper is not reconstructed, because there are some missing
   bus signals.
WARNING:NetListWriters:306 - Signal bus
   microblaze_0/MicroBlaze_Core_I/Performance.MMU_I/ISizeMask<20 : 8> on block
   mb_microblaze_0_wrapper is not reconstructed, because there are some missing
   bus signals.
WARNING:NetListWriters:306 - Signal bus
   microblaze_0/MicroBlaze_Core_I/Performance.MMU_I/MaskedData<27 : 8> on block
   mb_microblaze_0_wrapper is not reconstructed, because there are some missing
   bus signals.
WARNING:NetListWriters:306 - Signal bus
   microblaze_0/MicroBlaze_Core_I/Performance.MMU_I/USizeMask<20 : 8> on block
   mb_microblaze_0_wrapper is not reconstructed, because there are some missing
   bus signals.
WARNING:NetListWriters:306 - Signal bus
   microblaze_0/MicroBlaze_Core_I/Performance.MMU_I/USizeMask_Q<20 : 8> on block
   mb_microblaze_0_wrapper is not reconstructed, because there are some missing
   bus signals.
WARNING:NetListWriters:306 - Signal bus
   microblaze_0/MicroBlaze_Core_I/Performance.MMU_I/Using_TLBS.DTLB_I/AddrMask0<
   20 : 8> on block mb_microblaze_0_wrapper is not reconstructed, because there
   are some missing bus signals.
WARNING:NetListWriters:306 - Signal bus
   microblaze_0/MicroBlaze_Core_I/Performance.MMU_I/Using_TLBS.DTLB_I/AddrMask1<
   20 : 8> on block mb_microblaze_0_wrapper is not reconstructed, because there
   are some missing bus signals.
WARNING:NetListWriters:306 - Signal bus
   microblaze_0/MicroBlaze_Core_I/Performance.MMU_I/Using_TLBS.DTLB_I/AddrMask2<
   20 : 8> on block mb_microblaze_0_wrapper is not reconstructed, because there
   are some missing bus signals.
WARNING:NetListWriters:306 - Signal bus
   microblaze_0/MicroBlaze_Core_I/Performance.MMU_I/Using_TLBS.DTLB_I/AddrMask<2
   0 : 8> on block mb_microblaze_0_wrapper is not reconstructed, because there
   are some missing bus signals.
WARNING:NetListWriters:306 - Signal bus
   microblaze_0/MicroBlaze_Core_I/Performance.MMU_I/Using_TLBS.ITLB_I/AddrMask0<
   20 : 8> on block mb_microblaze_0_wrapper is not reconstructed, because there
   are some missing bus signals.
WARNING:NetListWriters:306 - Signal bus
   microblaze_0/MicroBlaze_Core_I/Performance.MMU_I/Using_TLBS.ITLB_I/AddrMask<2
   0 : 8> on block mb_microblaze_0_wrapper is not reconstructed, because there
   are some missing bus signals.
WARNING:NetListWriters:306 - Signal bus
   microblaze_0/MicroBlaze_Core_I/Performance.MMU_I/Using_TLBS.UTLB_I/AddrSel<7
   : 1> on block mb_microblaze_0_wrapper is not reconstructed, because there are
   some missing bus signals.
WARNING:NetListWriters:306 - Signal bus
   microblaze_0/MicroBlaze_Core_I/Performance.MMU_I/Using_TLBS.UTLB_I/DataInA_No
   Par<25 : 5> on block mb_microblaze_0_wrapper is not reconstructed, because
   there are some missing bus signals.
WARNING:NetListWriters:306 - Signal bus
   microblaze_0/MicroBlaze_Core_I/Performance.Use_Debug_Logic.Master_Core.Debug_
   Perf/control_reg<8 : 0> on block mb_microblaze_0_wrapper is not
   reconstructed, because there are some missing bus signals.
WARNING:NetListWriters:306 - Signal bus
   microblaze_0/MicroBlaze_Core_I/Performance.Use_Debug_Logic.Master_Core.Debug_
   Perf/status_reg<27 : 0> on block mb_microblaze_0_wrapper is not
   reconstructed, because there are some missing bus signals.
WARNING:NetListWriters:306 - Signal bus
   microblaze_0/MicroBlaze_Core_I/Performance.Using_DCache.Using_WriteBack.DCach
   e_wb_I1/Cache_Interface_I1/write_req_addr_saved<31 : 0> on block
   mb_microblaze_0_wrapper is not reconstructed, because there are some missing
   bus signals.
WARNING:NetListWriters:306 - Signal bus
   microblaze_0/MicroBlaze_Core_I/Performance.Using_DCache.Using_WriteBack.DCach
   e_wb_I1/write_req_addr<31 : 0> on block mb_microblaze_0_wrapper is not
   reconstructed, because there are some missing bus signals.
WARNING:NetListWriters:306 - Signal bus microblaze_0/MicroBlaze_Core_I/ex_MSR<30
   : 0> on block mb_microblaze_0_wrapper is not reconstructed, because there are
   some missing bus signals.
WARNING:NetListWriters:306 - Signal bus
   microblaze_0/MicroBlaze_Core_I/mem_MSR<30 : 0> on block
   mb_microblaze_0_wrapper is not reconstructed, because there are some missing
   bus signals.
WARNING:NetListWriters:306 - Signal bus microblaze_0/MicroBlaze_Core_I/of_MSR<30
   : 22> on block mb_microblaze_0_wrapper is not reconstructed, because there
   are some missing bus signals.
  finished :Prep
Writing EDIF netlist file mb_microblaze_0_wrapper.edif ...
ngc2edif: Total memory usage is 51364 kilobytes

